<?xml version="1.0" encoding="UTF-8"?>
<!-- Generated by org.testng.reporters.JUnitReportReporter -->
<testsuite hostname="Deepak_Pruthi" name="com.test.autoGithub.Dropdown" tests="1" failures="0" timestamp="3 Jul 2018 08:36:25 GMT" time="8.074" errors="0">
  <testcase name="dropdown" time="8.074" classname="com.test.autoGithub.Dropdown"/>
</testsuite> <!-- com.test.autoGithub.Dropdown -->
