<?xml version="1.0" encoding="UTF-8"?>
<!-- Generated by org.testng.reporters.JUnitReportReporter -->
<testsuite hostname="Deepak_Pruthi" name="com.test.autoGithub.bootstrapDropdown" tests="1" failures="0" timestamp="3 Jul 2018 10:42:30 GMT" time="25.154" errors="0">
  <testcase name="bootdropdown" time="25.154" classname="com.test.autoGithub.bootstrapDropdown"/>
</testsuite> <!-- com.test.autoGithub.bootstrapDropdown -->
