<?xml version="1.0" encoding="UTF-8"?>
<!-- Generated by org.testng.reporters.JUnitReportReporter -->
<testsuite hostname="Deepak_Pruthi" name="com.test.autoGithub.Dropdown" tests="1" failures="0" timestamp="3 Jul 2018 12:49:03 GMT" time="6.582" errors="0">
  <testcase name="dropdown" time="6.582" classname="com.test.autoGithub.Dropdown"/>
</testsuite> <!-- com.test.autoGithub.Dropdown -->
