<?xml version="1.0" encoding="UTF-8"?>
<!-- Generated by org.testng.reporters.JUnitReportReporter -->
<testsuite hostname="Deepak_Pruthi" name="com.test.autoGithub.bootstrapDropdown" tests="1" failures="0" timestamp="4 Jul 2018 06:56:42 GMT" time="27.779" errors="0">
  <testcase name="bootdropdown" time="27.779" classname="com.test.autoGithub.bootstrapDropdown"/>
</testsuite> <!-- com.test.autoGithub.bootstrapDropdown -->
